#-----------------------------------------------------------
# Vivado v2015.2 (64-bit)
# SW Build 1266856 on Fri Jun 26 16:35:25 MDT 2015
# IP Build 1264090 on Wed Jun 24 14:22:01 MDT 2015
# Start of session at: Tue Mar 12 20:40:05 2019
# Process ID: 1000
# Log file: C:/Users/Administrator/Desktop/pc_cpu_modified/final_cpu/project_pipeline/vivado.log
# Journal file: C:/Users/Administrator/Desktop/pc_cpu_modified/final_cpu/project_pipeline\vivado.jou
#-----------------------------------------------------------
start_gui
open_project C:/Users/Administrator/Desktop/pc_cpu_modified/final_cpu/project_pipeline/project_pipeline.xpr
Scanning sources...
Finished scanning sources
WARNING: [filemgmt 56-3] IP Repository Path: Could not find the directory 'C:/Users/Administrator/Documents/Tencent Files/1090412645/FileRecv/final_cpu/final_cpu/final_cpu.cache/ip'.
WARNING: [filemgmt 56-3] IP Output Repository Path: Could not find the directory 'C:/Users/Administrator/Documents/Tencent Files/1090412645/FileRecv/final_cpu/final_cpu/final_cpu.cache/ip'.
INFO: [IP_Flow 19-234] Refreshing IP repositories
INFO: [IP_Flow 19-1700] Loaded user IP repository 'c:/Users/Administrator/Documents/Tencent Files/1090412645/FileRecv/final_cpu/final_cpu/final_cpu.cache/ip'.
INFO: [IP_Flow 19-2313] Loaded Vivado IP repository 'C:/Xilinx/Vivado/2015.2/data/ip'.
open_project: Time (s): cpu = 00:00:12 ; elapsed = 00:00:05 . Memory (MB): peak = 704.332 ; gain = 123.262
exit
INFO: [Common 17-206] Exiting Vivado at Tue Mar 12 20:41:49 2019...
