#-----------------------------------------------------------
# Vivado v2015.2 (64-bit)
# SW Build 1266856 on Fri Jun 26 16:35:25 MDT 2015
# IP Build 1264090 on Wed Jun 24 14:22:01 MDT 2015
# Start of session at: Sun Mar 31 15:22:45 2019
# Process ID: 21332
# Log file: F:/CPU/pc_redirect_pip/final_cpu/project_pipeline_right/vivado.log
# Journal file: F:/CPU/pc_redirect_pip/final_cpu/project_pipeline_right\vivado.jou
#-----------------------------------------------------------
start_gui
open_project F:/CPU/pc_redirect_pip/final_cpu/project_pipeline_right/project_pipeline.xpr
Scanning sources...
Finished scanning sources
WARNING: [filemgmt 56-3] IP Repository Path: Could not find the directory 'F:/Documents/Tencent Files/1090412645/FileRecv/final_cpu/final_cpu/final_cpu.cache/ip'.
WARNING: [filemgmt 56-3] IP Output Repository Path: Could not find the directory 'F:/Documents/Tencent Files/1090412645/FileRecv/final_cpu/final_cpu/final_cpu.cache/ip'.
INFO: [IP_Flow 19-234] Refreshing IP repositories
INFO: [IP_Flow 19-1700] Loaded user IP repository 'f:/Documents/Tencent Files/1090412645/FileRecv/final_cpu/final_cpu/final_cpu.cache/ip'.
INFO: [IP_Flow 19-2313] Loaded Vivado IP repository 'G:/vivado1/Vivado/2015.2/data/ip'.
open_project: Time (s): cpu = 00:00:16 ; elapsed = 00:00:07 . Memory (MB): peak = 721.012 ; gain = 160.379
update_compile_order -fileset sources_1
update_compile_order -fileset sim_1
update_compile_order -fileset sources_1
update_compile_order -fileset sources_1
exit
INFO: [Common 17-206] Exiting Vivado at Sun Mar 31 15:23:31 2019...
