#-----------------------------------------------------------
# Vivado v2015.2 (64-bit)
# SW Build 1266856 on Fri Jun 26 16:35:25 MDT 2015
# IP Build 1264090 on Wed Jun 24 14:22:01 MDT 2015
# Start of session at: Tue Mar 12 08:07:57 2019
# Process ID: 2924
# Log file: C:/Users/Administrator/Desktop/CPU/final_cpu/final_cpu/vivado.log
# Journal file: C:/Users/Administrator/Desktop/CPU/final_cpu/final_cpu\vivado.jou
#-----------------------------------------------------------
start_gui
open_project C:/Users/Administrator/Desktop/CPU/final_cpu/final_cpu/final_cpu.xpr
INFO: [Project 1-313] Project file moved from 'F:/CPU/final_cpu/final_cpu' since last save.
CRITICAL WARNING: [Project 1-19] Could not find the file 'C:/Users/Administrator/Documents/Tencent Files/1090412645/FileRecv/final_cpu/cpu_4.xpr/cpu_1/archive_project_summary.txt'.
Scanning sources...
Finished scanning sources
WARNING: [filemgmt 56-3] IP Repository Path: Could not find the directory 'C:/Users/Administrator/Documents/Tencent Files/1090412645/FileRecv/final_cpu/final_cpu/final_cpu.cache/ip'.
WARNING: [filemgmt 56-3] IP Output Repository Path: Could not find the directory 'C:/Users/Administrator/Documents/Tencent Files/1090412645/FileRecv/final_cpu/final_cpu/final_cpu.cache/ip'.
INFO: [IP_Flow 19-234] Refreshing IP repositories
INFO: [IP_Flow 19-1700] Loaded user IP repository 'c:/Users/Administrator/Documents/Tencent Files/1090412645/FileRecv/final_cpu/final_cpu/final_cpu.cache/ip'.
INFO: [IP_Flow 19-2313] Loaded Vivado IP repository 'C:/Xilinx/Vivado/2015.2/data/ip'.
open_project: Time (s): cpu = 00:00:11 ; elapsed = 00:00:10 . Memory (MB): peak = 688.148 ; gain = 101.711
close [ open C:/Users/Administrator/Desktop/CPU/final_cpu/final_cpu/final_cpu.srcs/sources_1/new/if_id.v w ]
add_files C:/Users/Administrator/Desktop/CPU/final_cpu/final_cpu/final_cpu.srcs/sources_1/new/if_id.v
update_compile_order -fileset sources_1
update_compile_order -fileset sources_1
update_compile_order -fileset sources_1
update_compile_order -fileset sources_1
save_project_as project_pipeline C:/Users/Administrator/Desktop/CPU/final_cpu/project_pipeline -force
exit
INFO: [Common 17-206] Exiting Vivado at Tue Mar 12 11:42:58 2019...
