#-----------------------------------------------------------
# Vivado v2015.2 (64-bit)
# SW Build 1266856 on Fri Jun 26 16:35:25 MDT 2015
# IP Build 1264090 on Wed Jun 24 14:22:01 MDT 2015
# Start of session at: Sun Mar 31 15:20:46 2019
# Process ID: 21448
# Log file: F:/CPU/pc_redirect_pip/final_cpu/final_cpu/vivado.log
# Journal file: F:/CPU/pc_redirect_pip/final_cpu/final_cpu\vivado.jou
#-----------------------------------------------------------
start_gui
open_project F:/CPU/pc_redirect_pip/final_cpu/final_cpu/final_cpu.xpr
INFO: [Project 1-313] Project file moved from 'C:/Users/Administrator/Desktop/CPU/final_cpu/final_cpu' since last save.
CRITICAL WARNING: [Project 1-311] Could not find the file 'F:/Documents/Tencent Files/1090412645/FileRecv/final_cpu/cpu_4.xpr/cpu_1/archive_project_summary.txt', nor could it be found using path 'C:/Users/Administrator/Documents/Tencent Files/1090412645/FileRecv/final_cpu/cpu_4.xpr/cpu_1/archive_project_summary.txt'.
Scanning sources...
Finished scanning sources
WARNING: [filemgmt 56-2] IP Repository Path: Could not find the directory 'F:/Documents/Tencent Files/1090412645/FileRecv/final_cpu/final_cpu/final_cpu.cache/ip', nor could it be found using path 'C:/Users/Administrator/Documents/Tencent Files/1090412645/FileRecv/final_cpu/final_cpu/final_cpu.cache/ip'.
WARNING: [filemgmt 56-2] IP Output Repository Path: Could not find the directory 'F:/Documents/Tencent Files/1090412645/FileRecv/final_cpu/final_cpu/final_cpu.cache/ip', nor could it be found using path 'C:/Users/Administrator/Documents/Tencent Files/1090412645/FileRecv/final_cpu/final_cpu/final_cpu.cache/ip'.
INFO: [IP_Flow 19-234] Refreshing IP repositories
INFO: [IP_Flow 19-1700] Loaded user IP repository 'f:/Documents/Tencent Files/1090412645/FileRecv/final_cpu/final_cpu/final_cpu.cache/ip'.
INFO: [IP_Flow 19-2313] Loaded Vivado IP repository 'G:/vivado1/Vivado/2015.2/data/ip'.
open_project: Time (s): cpu = 00:00:16 ; elapsed = 00:00:08 . Memory (MB): peak = 731.004 ; gain = 167.453
exit
INFO: [Common 17-206] Exiting Vivado at Sun Mar 31 15:22:29 2019...
